2026-06-07 16:10:58 | INFO | [90m[16:10:58][0m PrĂ©-inicializando o EasyOCR em segundo plano...
2026-06-07 16:10:58 | INFO | [90m[16:10:58][0m BlueStacks jĂˇ estĂˇ em execuĂ§ĂŁo.
2026-06-07 16:10:59 | INFO | [90m[16:10:59][0m connect_adb
2026-06-07 16:10:59 | INFO | Failed to get ADB device.
2026-06-07 16:11:05 | INFO | [90m[16:11:05][0m connect_adb
2026-06-07 16:11:05 | INFO | Failed to get ADB device.
2026-06-07 16:11:06 | ERROR | [90m[16:11:06][0m Traceback (most recent call last):
2026-06-07 16:11:06 | ERROR | [90m[16:11:06][0m   File "C:\Users\almeima2\Pictures\MM\M_CoC_Bot\src\main.py", line 6, in <module>
    launch()
    ~~~~~~^^
2026-06-07 16:11:06 | ERROR | [90m[16:11:06][0m   File "C:\Users\almeima2\Pictures\MM\M_CoC_Bot\src\launch.py", line 60, in launch
    else: cmd_launch(args)
          ~~~~~~~~~~^^^^^^
2026-06-07 16:11:06 | ERROR | [90m[16:11:06][0m   File "C:\Users\almeima2\Pictures\MM\M_CoC_Bot\src\launch.py", line 14, in cmd_launch
    launch_proc(args)
    ~~~~~~~~~~~^^^^^^
2026-06-07 16:11:06 | ERROR | [90m[16:11:06][0m   File "C:\Users\almeima2\Pictures\MM\M_CoC_Bot\src\launch.py", line 8, in launch_proc
    bot = CoC_Bot()
2026-06-07 16:11:06 | ERROR | [90m[16:11:06][0m   File "C:\Users\almeima2\Pictures\MM\M_CoC_Bot\src\coc_bot.py", line 152, in __init__
    self.connect_adb()
    ~~~~~~~~~~~~~~~~^^
2026-06-07 16:11:06 | ERROR | [90m[16:11:06][0m   File "C:\Users\almeima2\Pictures\MM\M_CoC_Bot\src\coc_bot.py", line 229, in connect_adb
    connect_adb()
    ~~~~~~~~~~~^^
2026-06-07 16:11:06 | ERROR | [90m[16:11:06][0m   File "C:\Users\almeima2\Pictures\MM\M_CoC_Bot\src\utils.py", line 100, in connect_adb
    subprocess.run(["adb", "start-server"], stdout=subprocess.DEVNULL, stderr=subprocess.DEVNULL)
    ~~~~~~~~~~~~~~^^^^^^^^^^^^^^^^^^^^^^^^^^^^^^^^^^^^^^^^^^^^^^^^^^^^^^^^^^^^^^^^^^^^^^^^^^^^^^^
2026-06-07 16:11:06 | ERROR | [90m[16:11:06][0m   File "C:\Python313\Lib\subprocess.py", line 556, in run
    stdout, stderr = process.communicate(input, timeout=timeout)
                     ~~~~~~~~~~~~~~~~~~~^^^^^^^^^^^^^^^^^^^^^^^^
2026-06-07 16:11:06 | ERROR | [90m[16:11:06][0m   File "C:\Python313\Lib\subprocess.py", line 1214, in communicate
    self.wait()
    ~~~~~~~~~^^
2026-06-07 16:11:06 | ERROR | [90m[16:11:06][0m   File "C:\Python313\Lib\subprocess.py", line 1277, in wait
    return self._wait(timeout=timeout)
           ~~~~~~~~~~^^^^^^^^^^^^^^^^^
2026-06-07 16:11:06 | ERROR | [90m[16:11:06][0m   File "C:\Python313\Lib\subprocess.py", line 1603, in _wait
    result = _winapi.WaitForSingleObject(self._handle,
                                         timeout_millis)
2026-06-07 16:11:06 | ERROR | [90m[16:11:06][0m   File "C:\Users\almeima2\Pictures\MM\M_CoC_Bot\src\utils.py", line 652, in handle_sig
    raise KeyboardInterrupt
2026-06-07 16:11:06 | ERROR | [90m[16:11:06][0m KeyboardInterrupt
